#
# There is insufficient memory for the Java Runtime Environment to continue.
# Native memory allocation (mmap) failed to map 102760448 bytes for committing reserved memory.
# Possible reasons:
#   The system is out of physical RAM or swap space
#   In 32 bit mode, the process size limit was hit
# Possible solutions:
#   Reduce memory load on the system
#   Increase physical memory or swap space
#   Check if swap backing store is full
#   Use 64 bit Java on a 64 bit OS
#   Decrease Java heap size (-Xmx/-Xms)
#   Decrease number of Java threads
#   Decrease Java thread stack sizes (-Xss)
#   Set larger code cache with -XX:ReservedCodeCacheSize=
# This output file may be truncated or incomplete.
#
#  Out of Memory Error (os_linux.cpp:2640), pid=13319, tid=0x00007f6f1eb70700
#
# JRE version: OpenJDK Runtime Environment (8.0_152-b01) (build 1.8.0_152-release-915-b01)
# Java VM: OpenJDK 64-Bit Server VM (25.152-b01 mixed mode linux-amd64 compressed oops)
# Failed to write core dump. Core dumps have been disabled. To enable core dumping, try "ulimit -c unlimited" before starting Java again
#

---------------  T H R E A D  ---------------

Current thread (0x00007f6f54080800):  VMThread [stack: 0x00007f6f1ea70000,0x00007f6f1eb71000] [id=13329]

Stack: [0x00007f6f1ea70000,0x00007f6f1eb71000],  sp=0x00007f6f1eb6f4c0,  free space=1021k
Native frames: (J=compiled Java code, j=interpreted, Vv=VM code, C=native code)
V  [libjvm.so+0x9eb15d]  VMError::report_and_die()+0x15d
V  [libjvm.so+0x4b8eaa]  report_vm_out_of_memory(char const*, int, unsigned long, VMErrorType, char const*)+0x8a
V  [libjvm.so+0x851370]  os::pd_commit_memory(char*, unsigned long, unsigned long, bool)+0xf0
V  [libjvm.so+0x84be8f]  os::commit_memory(char*, unsigned long, unsigned long, bool)+0x1f
V  [libjvm.so+0x8c261b]  PSVirtualSpace::expand_by(unsigned long)+0x5b
V  [libjvm.so+0x8c3290]  PSYoungGen::resize_generation(unsigned long, unsigned long)+0xb0
V  [libjvm.so+0x8c35ab]  PSYoungGen::resize(unsigned long, unsigned long)+0x1b
V  [libjvm.so+0x8bfc9c]  PSScavenge::invoke_no_policy()+0xdac
V  [libjvm.so+0x8c0478]  PSScavenge::invoke()+0x38
V  [libjvm.so+0x8748f3]  ParallelScavengeHeap::failed_mem_allocate(unsigned long)+0x63
V  [libjvm.so+0x9ecc84]  VM_ParallelGCFailedAllocation::doit()+0x84
V  [libjvm.so+0x9f1197]  VM_Operation::evaluate()+0x47
V  [libjvm.so+0x9efb78]  VMThread::evaluate_operation(VM_Operation*)+0x2c8
V  [libjvm.so+0x9efff9]  VMThread::loop()+0x219
V  [libjvm.so+0x9f0442]  VMThread::run()+0x72
V  [libjvm.so+0x84e792]  java_start(Thread*)+0xf2

VM_Operation (0x00007f6ed33f9390): ParallelGCFailedAllocation, mode: safepoint, requested by thread 0x00007f6eec004800


---------------  P R O C E S S  ---------------

Java Threads: ( => current thread )
  0x00007f6ec805d800 JavaThread "RMI RenewClean-[localhost:39907,org.jetbrains.kotlin.daemon.common.LoopbackNetworkInterface$ClientLoopbackSocketFactory@5f90135f]" daemon [_thread_blocked, id=15149, stack(0x00007f6ed28fb000,0x00007f6ed29fc000)]
  0x00007f6eec004800 JavaThread "RMI TCP Connection(26)-127.0.0.1" daemon [_thread_blocked, id=15148, stack(0x00007f6ed32ff000,0x00007f6ed3400000)]
  0x00007f6eec001000 JavaThread "RMI TCP Connection(25)-127.0.0.1" daemon [_thread_in_native, id=15146, stack(0x00007f6f1ce87000,0x00007f6f1cf88000)]
  0x00007f6ec8268000 JavaThread "RMI RenewClean-[localhost:39907,org.jetbrains.kotlin.daemon.common.LoopbackNetworkInterface$ClientLoopbackSocketFactory@61fb82ad]" daemon [_thread_blocked, id=14772, stack(0x00007f6ed2ffe000,0x00007f6ed30ff000)]
  0x00007f6ed4096000 JavaThread "RMI RenewClean-[localhost:39907,org.jetbrains.kotlin.daemon.common.LoopbackNetworkInterface$ClientLoopbackSocketFactory@2883d254]" daemon [_thread_blocked, id=14632, stack(0x00007f6ed2bfc000,0x00007f6ed2cfd000)]
  0x00007f6ec8061000 JavaThread "RMI RenewClean-[localhost:39907,org.jetbrains.kotlin.daemon.common.LoopbackNetworkInterface$ClientLoopbackSocketFactory@4ae946c0]" daemon [_thread_blocked, id=14411, stack(0x00007f6ed2efd000,0x00007f6ed2ffe000)]
  0x00007f6ec8001800 JavaThread "RMI RenewClean-[localhost:39907,org.jetbrains.kotlin.daemon.common.LoopbackNetworkInterface$ClientLoopbackSocketFactory@42f2eff1]" daemon [_thread_blocked, id=13877, stack(0x00007f6f1d18a000,0x00007f6f1d28b000)]
  0x00007f6ed401a800 JavaThread "RMI RenewClean-[localhost:39907,org.jetbrains.kotlin.daemon.common.LoopbackNetworkInterface$ClientLoopbackSocketFactory@689fdd7c]" daemon [_thread_blocked, id=13607, stack(0x00007f6f1ca85000,0x00007f6f1cb86000)]
  0x00007f6ed4010800 JavaThread "RMI Scheduler(0)" daemon [_thread_blocked, id=13348, stack(0x00007f6f1cb86000,0x00007f6f1cc87000)]
  0x00007f6f5400b000 JavaThread "DestroyJavaVM" [_thread_blocked, id=13320, stack(0x00007f6f5b3c4000,0x00007f6f5b4c5000)]
  0x00007f6f54364800 JavaThread "GC Daemon" daemon [_thread_blocked, id=13346, stack(0x00007f6f1cf88000,0x00007f6f1d089000)]
  0x00007f6f54375800 JavaThread "RMI Reaper" [_thread_blocked, id=13345, stack(0x00007f6f1d089000,0x00007f6f1d18a000)]
  0x00007f6f54360800 JavaThread "Timer-0" daemon [_thread_blocked, id=13341, stack(0x00007f6f1d28b000,0x00007f6f1d38c000)]
  0x00007f6f5435e800 JavaThread "RMI TCP Accept-17641" daemon [_thread_in_native, id=13340, stack(0x00007f6f1d38c000,0x00007f6f1d48d000)]
  0x00007f6f540d3000 JavaThread "Service Thread" daemon [_thread_blocked, id=13338, stack(0x00007f6f1de5f000,0x00007f6f1df60000)]
  0x00007f6f540c8000 JavaThread "C1 CompilerThread3" daemon [_thread_blocked, id=13337, stack(0x00007f6f1df60000,0x00007f6f1e061000)]
  0x00007f6f540c6000 JavaThread "C2 CompilerThread2" daemon [_thread_blocked, id=13336, stack(0x00007f6f1e061000,0x00007f6f1e162000)]
  0x00007f6f540c4000 JavaThread "C2 CompilerThread1" daemon [_thread_blocked, id=13335, stack(0x00007f6f1e162000,0x00007f6f1e263000)]
  0x00007f6f540c1800 JavaThread "C2 CompilerThread0" daemon [_thread_blocked, id=13334, stack(0x00007f6f1e263000,0x00007f6f1e364000)]
  0x00007f6f540c0000 JavaThread "Signal Dispatcher" daemon [_thread_blocked, id=13333, stack(0x00007f6f1e364000,0x00007f6f1e465000)]
  0x00007f6f5408d000 JavaThread "Finalizer" daemon [_thread_blocked, id=13331, stack(0x00007f6f1e86e000,0x00007f6f1e96f000)]
  0x00007f6f54088800 JavaThread "Reference Handler" daemon [_thread_blocked, id=13330, stack(0x00007f6f1e96f000,0x00007f6f1ea70000)]

Other Threads:
=>0x00007f6f54080800 VMThread [stack: 0x00007f6f1ea70000,0x00007f6f1eb71000] [id=13329]
  0x00007f6f540d5800 WatcherThread [stack: 0x00007f6f1dd5e000,0x00007f6f1de5f000] [id=13339]

VM state:at safepoint (normal execution)

VM Mutex/Monitor currently owned by a thread:  ([mutex/lock_event])
[0x00007f6f540073c0] Threads_lock - owner thread: 0x00007f6f54080800
[0x00007f6f540078c0] Heap_lock - owner thread: 0x00007f6eec004800

Heap:
 PSYoungGen      total 380928K, used 36059K [0x00000000e0000000, 0x00000000f9e00000, 0x0000000100000000)
  eden space 337920K, 0% used [0x00000000e0000000,0x00000000e0000000,0x00000000f4a00000)
  from space 43008K, 83% used [0x00000000f4a00000,0x00000000f6d36e30,0x00000000f7400000)
  to   space 37888K, 0% used [0x00000000f7900000,0x00000000f7900000,0x00000000f9e00000)
 ParOldGen       total 150016K, used 46958K [0x00000000a0000000, 0x00000000a9280000, 0x00000000e0000000)
  object space 150016K, 31% used [0x00000000a0000000,0x00000000a2ddbac8,0x00000000a9280000)
 Metaspace       used 57922K, capacity 59630K, committed 59776K, reserved 1101824K
  class space    used 6700K, capacity 7205K, committed 7296K, reserved 1048576K

Card table byte_map: [0x00007f6f44cff000,0x00007f6f45000000] byte_map_base: 0x00007f6f447ff000

Marking Bits: (ParMarkBitMap*) 0x00007f6f5a8953e0
 Begin Bits: [0x00007f6f21000000, 0x00007f6f22800000)
 End Bits:   [0x00007f6f22800000, 0x00007f6f24000000)

Polling page: 0x00007f6f5b4e8000

CodeCache: size=245760Kb used=32848Kb max_used=32848Kb free=212911Kb
 bounds [0x00007f6f45000000, 0x00007f6f47050000, 0x00007f6f54000000]
 total_blobs=10023 nmethods=9522 adapters=413
 compilation: enabled

Compilation events (10 events):
Event: 1533,694 Thread 0x00007f6f540c8000 11313       2       org.jetbrains.kotlin.codegen.optimization.boxing.PopBackwardPropagationTransformerKt::isPurePush (44 bytes)
Event: 1533,694 Thread 0x00007f6f540c8000 nmethod 11313 0x00007f6f4703d5d0 code [0x00007f6f4703d760, 0x00007f6f4703d988]
Event: 1533,694 Thread 0x00007f6f540c8000 11314       2       org.jetbrains.kotlin.codegen.optimization.common.UtilKt::isLoadOperation (31 bytes)
Event: 1533,695 Thread 0x00007f6f540c8000 nmethod 11314 0x00007f6f4703dad0 code [0x00007f6f4703dc40, 0x00007f6f4703dde8]
Event: 1533,695 Thread 0x00007f6f540c8000 11317       2       org.jetbrains.kotlin.codegen.JvmCodegenUtil::couldUseDirectAccessToProperty (251 bytes)
Event: 1533,696 Thread 0x00007f6f540c8000 nmethod 11317 0x00007f6f4703ded0 code [0x00007f6f4703e1e0, 0x00007f6f4703eb98]
Event: 1533,696 Thread 0x00007f6f540c8000 11318       2       org.jetbrains.kotlin.codegen.ExpressionCodegen::accessibleFunctionDescriptor (99 bytes)
Event: 1533,697 Thread 0x00007f6f540c8000 nmethod 11318 0x00007f6f4703f210 code [0x00007f6f4703f420, 0x00007f6f4703f958]
Event: 1533,697 Thread 0x00007f6f540c8000 11319       2       org.jetbrains.kotlin.codegen.context.CodegenContext::addChild (55 bytes)
Event: 1533,697 Thread 0x00007f6f540c8000 nmethod 11319 0x00007f6f4703fc90 code [0x00007f6f4703fe60, 0x00007f6f47040338]

GC Heap History (10 events):
Event: 98,030 GC heap after
Heap after GC invocations=16 (full 3):
 PSYoungGen      total 196096K, used 31730K [0x00000000e0000000, 0x00000000f3780000, 0x0000000100000000)
  eden space 164352K, 0% used [0x00000000e0000000,0x00000000e0000000,0x00000000ea080000)
  from space 31744K, 99% used [0x00000000ea080000,0x00000000ebf7c830,0x00000000ebf80000)
  to   space 38400K, 0% used [0x00000000f1200000,0x00000000f1200000,0x00000000f3780000)
 ParOldGen       total 147968K, used 131368K [0x00000000a0000000, 0x00000000a9080000, 0x00000000e0000000)
  object space 147968K, 88% used [0x00000000a0000000,0x00000000a804a128,0x00000000a9080000)
 Metaspace       used 51100K, capacity 51966K, committed 52608K, reserved 1095680K
  class space    used 6220K, capacity 6435K, committed 6528K, reserved 1048576K
}
Event: 98,030 GC heap before
{Heap before GC invocations=17 (full 4):
 PSYoungGen      total 196096K, used 31730K [0x00000000e0000000, 0x00000000f3780000, 0x0000000100000000)
  eden space 164352K, 0% used [0x00000000e0000000,0x00000000e0000000,0x00000000ea080000)
  from space 31744K, 99% used [0x00000000ea080000,0x00000000ebf7c830,0x00000000ebf80000)
  to   space 38400K, 0% used [0x00000000f1200000,0x00000000f1200000,0x00000000f3780000)
 ParOldGen       total 147968K, used 131368K [0x00000000a0000000, 0x00000000a9080000, 0x00000000e0000000)
  object space 147968K, 88% used [0x00000000a0000000,0x00000000a804a128,0x00000000a9080000)
 Metaspace       used 51100K, capacity 51966K, committed 52608K, reserved 1095680K
  class space    used 6220K, capacity 6435K, committed 6528K, reserved 1048576K
Event: 98,126 GC heap after
Heap after GC invocations=17 (full 4):
 PSYoungGen      total 196096K, used 0K [0x00000000e0000000, 0x00000000f3780000, 0x0000000100000000)
  eden space 164352K, 0% used [0x00000000e0000000,0x00000000e0000000,0x00000000ea080000)
  from space 31744K, 0% used [0x00000000ea080000,0x00000000ea080000,0x00000000ebf80000)
  to   space 38400K, 0% used [0x00000000f1200000,0x00000000f1200000,0x00000000f3780000)
 ParOldGen       total 150016K, used 40838K [0x00000000a0000000, 0x00000000a9280000, 0x00000000e0000000)
  object space 150016K, 27% used [0x00000000a0000000,0x00000000a27e19b8,0x00000000a9280000)
 Metaspace       used 51100K, capacity 51966K, committed 52608K, reserved 1095680K
  class space    used 6220K, capacity 6435K, committed 6528K, reserved 1048576K
}
Event: 322,718 GC heap before
{Heap before GC invocations=18 (full 4):
 PSYoungGen      total 196096K, used 164309K [0x00000000e0000000, 0x00000000f3780000, 0x0000000100000000)
  eden space 164352K, 99% used [0x00000000e0000000,0x00000000ea075558,0x00000000ea080000)
  from space 31744K, 0% used [0x00000000ea080000,0x00000000ea080000,0x00000000ebf80000)
  to   space 38400K, 0% used [0x00000000f1200000,0x00000000f1200000,0x00000000f3780000)
 ParOldGen       total 150016K, used 40838K [0x00000000a0000000, 0x00000000a9280000, 0x00000000e0000000)
  object space 150016K, 27% used [0x00000000a0000000,0x00000000a27e19b8,0x00000000a9280000)
 Metaspace       used 52414K, capacity 53328K, committed 53632K, reserved 1095680K
  class space    used 6277K, capacity 6514K, committed 6528K, reserved 1048576K
Event: 322,761 GC heap after
Heap after GC invocations=18 (full 4):
 PSYoungGen      total 276992K, used 31860K [0x00000000e0000000, 0x00000000f4000000, 0x0000000100000000)
  eden space 238592K, 0% used [0x00000000e0000000,0x00000000e0000000,0x00000000ee900000)
  from space 38400K, 82% used [0x00000000f1200000,0x00000000f311d328,0x00000000f3780000)
  to   space 41984K, 0% used [0x00000000ee900000,0x00000000ee900000,0x00000000f1200000)
 ParOldGen       total 150016K, used 40846K [0x00000000a0000000, 0x00000000a9280000, 0x00000000e0000000)
  object space 150016K, 27% used [0x00000000a0000000,0x00000000a27e39b8,0x00000000a9280000)
 Metaspace       used 52414K, capacity 53328K, committed 53632K, reserved 1095680K
  class space    used 6277K, capacity 6514K, committed 6528K, reserved 1048576K
}
Event: 874,916 GC heap before
{Heap before GC invocations=19 (full 4):
 PSYoungGen      total 276992K, used 270452K [0x00000000e0000000, 0x00000000f4000000, 0x0000000100000000)
  eden space 238592K, 100% used [0x00000000e0000000,0x00000000ee900000,0x00000000ee900000)
  from space 38400K, 82% used [0x00000000f1200000,0x00000000f311d328,0x00000000f3780000)
  to   space 41984K, 0% used [0x00000000ee900000,0x00000000ee900000,0x00000000f1200000)
 ParOldGen       total 150016K, used 40846K [0x00000000a0000000, 0x00000000a9280000, 0x00000000e0000000)
  object space 150016K, 27% used [0x00000000a0000000,0x00000000a27e39b8,0x00000000a9280000)
 Metaspace       used 54014K, capacity 55034K, committed 55424K, reserved 1097728K
  class space    used 6364K, capacity 6663K, committed 6784K, reserved 1048576K
Event: 874,944 GC heap after
Heap after GC invocations=19 (full 4):
 PSYoungGen      total 280576K, used 14744K [0x00000000e0000000, 0x00000000fa000000, 0x0000000100000000)
  eden space 238592K, 0% used [0x00000000e0000000,0x00000000e0000000,0x00000000ee900000)
  from space 41984K, 35% used [0x00000000ee900000,0x00000000ef766288,0x00000000f1200000)
  to   space 39936K, 0% used [0x00000000f7900000,0x00000000f7900000,0x00000000fa000000)
 ParOldGen       total 150016K, used 46218K [0x00000000a0000000, 0x00000000a9280000, 0x00000000e0000000)
  object space 150016K, 30% used [0x00000000a0000000,0x00000000a2d22aa8,0x00000000a9280000)
 Metaspace       used 54014K, capacity 55034K, committed 55424K, reserved 1097728K
  class space    used 6364K, capacity 6663K, committed 6784K, reserved 1048576K
}
Event: 1080,248 GC heap before
{Heap before GC invocations=20 (full 4):
 PSYoungGen      total 280576K, used 253256K [0x00000000e0000000, 0x00000000fa000000, 0x0000000100000000)
  eden space 238592K, 99% used [0x00000000e0000000,0x00000000ee8ebfc8,0x00000000ee900000)
  from space 41984K, 35% used [0x00000000ee900000,0x00000000ef766288,0x00000000f1200000)
  to   space 39936K, 0% used [0x00000000f7900000,0x00000000f7900000,0x00000000fa000000)
 ParOldGen       total 150016K, used 46218K [0x00000000a0000000, 0x00000000a9280000, 0x00000000e0000000)
  object space 150016K, 30% used [0x00000000a0000000,0x00000000a2d22aa8,0x00000000a9280000)
 Metaspace       used 55540K, capacity 56670K, committed 57088K, reserved 1099776K
  class space    used 6482K, capacity 6821K, committed 6912K, reserved 1048576K
Event: 1080,282 GC heap after
Heap after GC invocations=20 (full 4):
 PSYoungGen      total 375808K, used 31749K [0x00000000e0000000, 0x00000000f9e00000, 0x0000000100000000)
  eden space 337920K, 0% used [0x00000000e0000000,0x00000000e0000000,0x00000000f4a00000)
  from space 37888K, 83% used [0x00000000f7900000,0x00000000f9801740,0x00000000f9e00000)
  to   space 43008K, 0% used [0x00000000f4a00000,0x00000000f4a00000,0x00000000f7400000)
 ParOldGen       total 150016K, used 46402K [0x00000000a0000000, 0x00000000a9280000, 0x00000000e0000000)
  object space 150016K, 30% used [0x00000000a0000000,0x00000000a2d50aa8,0x00000000a9280000)
 Metaspace       used 55540K, capacity 56670K, committed 57088K, reserved 1099776K
  class space    used 6482K, capacity 6821K, committed 6912K, reserved 1048576K
}
Event: 1533,700 GC heap before
{Heap before GC invocations=21 (full 4):
 PSYoungGen      total 375808K, used 369669K [0x00000000e0000000, 0x00000000f9e00000, 0x0000000100000000)
  eden space 337920K, 100% used [0x00000000e0000000,0x00000000f4a00000,0x00000000f4a00000)
  from space 37888K, 83% used [0x00000000f7900000,0x00000000f9801740,0x00000000f9e00000)
  to   space 43008K, 0% used [0x00000000f4a00000,0x00000000f4a00000,0x00000000f7400000)
 ParOldGen       total 150016K, used 46402K [0x00000000a0000000, 0x00000000a9280000, 0x00000000e0000000)
  object space 150016K, 30% used [0x00000000a0000000,0x00000000a2d50aa8,0x00000000a9280000)
 Metaspace       used 57922K, capacity 59630K, committed 59776K, reserved 1101824K
  class space    used 6700K, capacity 7205K, committed 7296K, reserved 1048576K

Deoptimization events (10 events):
Event: 1181,537 Thread 0x00007f6eec004800 Uncommon trap: reason=class_check action=maybe_recompile pc=0x00007f6f46c1220c method=org.jetbrains.kotlin.gnu.trove.TIntHash.index(I)I @ 25
Event: 1181,541 Thread 0x00007f6eec004800 Uncommon trap: reason=bimorphic action=maybe_recompile pc=0x00007f6f46d56c60 method=org.jetbrains.org.objectweb.asm.tree.analysis.Frame.execute(Lorg/jetbrains/org/objectweb/asm/tree/AbstractInsnNode;Lorg/jetbrains/org/objectweb/asm/tree/analysis/Interpret
Event: 1181,541 Thread 0x00007f6eec004800 Uncommon trap: reason=bimorphic action=maybe_recompile pc=0x00007f6f46d56c60 method=org.jetbrains.org.objectweb.asm.tree.analysis.Frame.execute(Lorg/jetbrains/org/objectweb/asm/tree/AbstractInsnNode;Lorg/jetbrains/org/objectweb/asm/tree/analysis/Interpret
Event: 1181,541 Thread 0x00007f6eec004800 Uncommon trap: reason=bimorphic action=maybe_recompile pc=0x00007f6f46d56c60 method=org.jetbrains.org.objectweb.asm.tree.analysis.Frame.execute(Lorg/jetbrains/org/objectweb/asm/tree/AbstractInsnNode;Lorg/jetbrains/org/objectweb/asm/tree/analysis/Interpret
Event: 1181,541 Thread 0x00007f6eec004800 Uncommon trap: reason=bimorphic action=maybe_recompile pc=0x00007f6f46d56c60 method=org.jetbrains.org.objectweb.asm.tree.analysis.Frame.execute(Lorg/jetbrains/org/objectweb/asm/tree/AbstractInsnNode;Lorg/jetbrains/org/objectweb/asm/tree/analysis/Interpret
Event: 1533,317 Thread 0x00007f6eec004800 Uncommon trap: reason=class_check action=maybe_recompile pc=0x00007f6f46ed4fac method=org.jetbrains.kotlin.types.IndexedParametersSubstitution.<init>(Ljava/util/List;Ljava/util/List;)V @ 64
Event: 1533,472 Thread 0x00007f6eec004800 Uncommon trap: reason=class_check action=maybe_recompile pc=0x00007f6f46a1de30 method=org.jetbrains.kotlin.load.java.lazy.descriptors.LazyJavaClassMemberScope.getPropertiesFromSupertypes(Lorg/jetbrains/kotlin/name/Name;)Ljava/util/Set; @ 83
Event: 1533,596 Thread 0x00007f6eec004800 Uncommon trap: reason=unstable_if action=reinterpret pc=0x00007f6f46b44db0 method=org.jetbrains.kotlin.load.java.BuiltinMethodsWithSpecialGenericSignature.getSpecialSignatureInfo(Lorg/jetbrains/kotlin/descriptors/CallableMemberDescriptor;)Lorg/jetbrains/k
Event: 1533,624 Thread 0x00007f6eec004800 Uncommon trap: reason=unstable_if action=reinterpret pc=0x00007f6f46acd384 method=org.jetbrains.kotlin.platform.JavaToKotlinClassMap.isReadOnly(Lorg/jetbrains/kotlin/types/KotlinType;)Z @ 20
Event: 1533,629 Thread 0x00007f6eec004800 Uncommon trap: reason=unstable_if action=reinterpret pc=0x00007f6f463c64f8 method=org.jetbrains.kotlin.load.java.typeEnhancement.TypeEnhancementKt.enhanceInflexible(Lorg/jetbrains/kotlin/types/SimpleType;Lkotlin/jvm/functions/Function1;ILorg/jetbrains/kot

Classes redefined (0 events):
No events

Internal exceptions (10 events):
Event: 875,485 Thread 0x00007f6eec004800 Implicit null exception at 0x00007f6f456ebc94 to 0x00007f6f456ebef1
Event: 875,485 Thread 0x00007f6eec004800 Implicit null exception at 0x00007f6f4697ea07 to 0x00007f6f4697ef21
Event: 875,486 Thread 0x00007f6eec004800 Implicit null exception at 0x00007f6f468b9160 to 0x00007f6f468b9245
Event: 1079,657 Thread 0x00007f6ed4096000 Exception <a 'java/lang/InterruptedException'> (0x00000000e75ebf38) thrown at [/ssd/Android/AOSP-openjdk-git/jdk8u/hotspot/src/share/vm/runtime/objectMonitor.cpp, line 1684]
Event: 1079,664 Thread 0x00007f6eec004800 Exception <a 'sun/nio/fs/UnixException'> (0x00000000e75e71b0) thrown at [/ssd/Android/AOSP-openjdk-git/jdk8u/hotspot/src/share/vm/prims/jni.cpp, line 709]
Event: 1080,440 Thread 0x00007f6eec004800 Implicit null exception at 0x00007f6f46bc65ac to 0x00007f6f46bc754d
Event: 1180,807 Thread 0x00007f6ec8268000 Exception <a 'java/lang/InterruptedException'> (0x00000000e2adb2f0) thrown at [/ssd/Android/AOSP-openjdk-git/jdk8u/hotspot/src/share/vm/runtime/objectMonitor.cpp, line 1684]
Event: 1180,816 Thread 0x00007f6eec004800 Exception <a 'sun/nio/fs/UnixException'> (0x00000000e2c08ed8) thrown at [/ssd/Android/AOSP-openjdk-git/jdk8u/hotspot/src/share/vm/prims/jni.cpp, line 709]
Event: 1532,981 Thread 0x00007f6ec805d800 Exception <a 'java/lang/InterruptedException'> (0x00000000ec8b1d20) thrown at [/ssd/Android/AOSP-openjdk-git/jdk8u/hotspot/src/share/vm/runtime/objectMonitor.cpp, line 1684]
Event: 1532,989 Thread 0x00007f6eec004800 Exception <a 'sun/nio/fs/UnixException'> (0x00000000ec86b510) thrown at [/ssd/Android/AOSP-openjdk-git/jdk8u/hotspot/src/share/vm/prims/jni.cpp, line 709]

Events (10 events):
Event: 1533,676 loading class org/jetbrains/kotlin/psi/KtClass done
Event: 1533,677 loading class org/jetbrains/kotlin/android/synthetic/codegen/AbstractAndroidOnDestroyClassBuilderInterceptorExtension$AndroidOnDestroyCollectorClassBuilder$newMethod$1
Event: 1533,677 loading class org/jetbrains/kotlin/android/synthetic/codegen/AbstractAndroidOnDestroyClassBuilderInterceptorExtension$AndroidOnDestroyCollectorClassBuilder$newMethod$1 done
Event: 1533,678 loading class org/jetbrains/org/objectweb/asm/MethodVisitor
Event: 1533,678 loading class org/jetbrains/org/objectweb/asm/MethodVisitor done
Event: 1533,678 loading class org/jetbrains/kotlin/android/synthetic/res/AndroidSyntheticFunction
Event: 1533,678 loading class org/jetbrains/kotlin/android/synthetic/res/AndroidSyntheticFunction done
Event: 1533,679 loading class org/jetbrains/kotlin/android/synthetic/res/AndroidSyntheticProperty
Event: 1533,679 loading class org/jetbrains/kotlin/android/synthetic/res/AndroidSyntheticProperty done
Event: 1533,699 Executing VM operation: ParallelGCFailedAllocation


Dynamic libraries:
00400000-00401000 r-xp 00000000 08:05 4461447                            /home/mucha/Environment/AndroidStudio3.0/jre/jre/bin/java
00600000-00601000 r--p 00000000 08:05 4461447                            /home/mucha/Environment/AndroidStudio3.0/jre/jre/bin/java
00601000-00602000 rw-p 00001000 08:05 4461447                            /home/mucha/Environment/AndroidStudio3.0/jre/jre/bin/java
011b9000-011da000 rw-p 00000000 00:00 0                                  [heap]
a0000000-a9280000 rw-p 00000000 00:00 0 
a9280000-e0000000 ---p 00000000 00:00 0 
e0000000-f9e00000 rw-p 00000000 00:00 0 
100000000-100720000 rw-p 00000000 00:00 0 
100720000-140000000 ---p 00000000 00:00 0 
7f6eb8000000-7f6eb8021000 rw-p 00000000 00:00 0 
7f6eb8021000-7f6ebc000000 ---p 00000000 00:00 0 
7f6ebc000000-7f6ebc021000 rw-p 00000000 00:00 0 
7f6ebc021000-7f6ec0000000 ---p 00000000 00:00 0 
7f6ec0000000-7f6ec0021000 rw-p 00000000 00:00 0 
7f6ec0021000-7f6ec4000000 ---p 00000000 00:00 0 
7f6ec4000000-7f6ec4021000 rw-p 00000000 00:00 0 
7f6ec4021000-7f6ec8000000 ---p 00000000 00:00 0 
7f6ec8000000-7f6ec8353000 rw-p 00000000 00:00 0 
7f6ec8353000-7f6ecc000000 ---p 00000000 00:00 0 
7f6ecc000000-7f6ecd85f000 rw-p 00000000 00:00 0 
7f6ecd85f000-7f6ed0000000 ---p 00000000 00:00 0 
7f6ed28fb000-7f6ed28fe000 ---p 00000000 00:00 0 
7f6ed28fe000-7f6ed2b3c000 rw-p 00000000 00:00 0 
7f6ed2b3c000-7f6ed2bfc000 ---p 00000000 00:00 0 
7f6ed2bfc000-7f6ed2bff000 ---p 00000000 00:00 0 
7f6ed2bff000-7f6ed2efd000 rw-p 00000000 00:00 0 
7f6ed2efd000-7f6ed2f00000 ---p 00000000 00:00 0 
7f6ed2f00000-7f6ed2ffe000 rw-p 00000000 00:00 0 
7f6ed2ffe000-7f6ed3001000 ---p 00000000 00:00 0 
7f6ed3001000-7f6ed32ff000 rw-p 00000000 00:00 0 
7f6ed32ff000-7f6ed3302000 ---p 00000000 00:00 0 
7f6ed3302000-7f6ed3600000 rw-p 00000000 00:00 0 
7f6ed3600000-7f6ed3800000 rw-p 00000000 00:00 0 
7f6ed3800000-7f6ed3a00000 rw-p 00000000 00:00 0 
7f6ed3a00000-7f6ed3c00000 rw-p 00000000 00:00 0 
7f6ed3c00000-7f6ed3e00000 rw-p 00000000 00:00 0 
7f6ed3e00000-7f6ed4000000 rw-p 00000000 00:00 0 
7f6ed4000000-7f6ed432c000 rw-p 00000000 00:00 0 
7f6ed432c000-7f6ed8000000 ---p 00000000 00:00 0 
7f6ed8000000-7f6ed8021000 rw-p 00000000 00:00 0 
7f6ed8021000-7f6edc000000 ---p 00000000 00:00 0 
7f6edc000000-7f6edc021000 rw-p 00000000 00:00 0 
7f6edc021000-7f6ee0000000 ---p 00000000 00:00 0 
7f6ee0000000-7f6ee0021000 rw-p 00000000 00:00 0 
7f6ee0021000-7f6ee4000000 ---p 00000000 00:00 0 
7f6ee4000000-7f6ee4283000 rw-p 00000000 00:00 0 
7f6ee4283000-7f6ee8000000 ---p 00000000 00:00 0 
7f6ee8000000-7f6ee8021000 rw-p 00000000 00:00 0 
7f6ee8021000-7f6eec000000 ---p 00000000 00:00 0 
7f6eec000000-7f6eec021000 rw-p 00000000 00:00 0 
7f6eec021000-7f6ef0000000 ---p 00000000 00:00 0 
7f6ef0000000-7f6ef0021000 rw-p 00000000 00:00 0 
7f6ef0021000-7f6ef4000000 ---p 00000000 00:00 0 
7f6ef40fd000-7f6ef42fd000 rw-p 00000000 00:00 0 
7f6ef42fd000-7f6ef44fd000 rw-p 00000000 00:00 0 
7f6ef44fd000-7f6ef46fd000 rw-p 00000000 00:00 0 
7f6ef46fd000-7f6ef48fd000 rw-p 00000000 00:00 0 
7f6ef4903000-7f6ef4b03000 rw-p 00000000 00:00 0 
7f6ef4b03000-7f6ef4d03000 rw-p 00000000 00:00 0 
7f6ef4d03000-7f6ef4dff000 r--s 01842000 08:05 4591425                    /home/mucha/Android/Sdk/platforms/android-26/android.jar
7f6ef4dff000-7f6ef4fff000 rw-p 00000000 00:00 0 
7f6ef4fff000-7f6ef8000000 rw-p 00000000 00:00 0 
7f6ef8000000-7f6ef9477000 rw-p 00000000 00:00 0 
7f6ef9477000-7f6efc000000 ---p 00000000 00:00 0 
7f6efc000000-7f6efc021000 rw-p 00000000 00:00 0 
7f6efc021000-7f6f00000000 ---p 00000000 00:00 0 
7f6f00000000-7f6f015c0000 rw-p 00000000 00:00 0 
7f6f015c0000-7f6f04000000 ---p 00000000 00:00 0 
7f6f04000000-7f6f06032000 rw-p 00000000 00:00 0 
7f6f06032000-7f6f08000000 ---p 00000000 00:00 0 
7f6f08000000-7f6f08021000 rw-p 00000000 00:00 0 
7f6f08021000-7f6f0c000000 ---p 00000000 00:00 0 
7f6f0c000000-7f6f0dadd000 rw-p 00000000 00:00 0 
7f6f0dadd000-7f6f10000000 ---p 00000000 00:00 0 
7f6f10000000-7f6f10021000 rw-p 00000000 00:00 0 
7f6f10021000-7f6f14000000 ---p 00000000 00:00 0 
7f6f14000000-7f6f14021000 rw-p 00000000 00:00 0 
7f6f14021000-7f6f18000000 ---p 00000000 00:00 0 
7f6f18000000-7f6f1828a000 rw-p 00000000 00:00 0 
7f6f1828a000-7f6f1c000000 ---p 00000000 00:00 0 
7f6f1c01f000-7f6f1c026000 r--s 00000000 08:15 525771                     /usr/lib/x86_64-linux-gnu/gconv/gconv-modules.cache
7f6f1c026000-7f6f1c04b000 r--p 00000000 08:15 922663                     /usr/share/locale-langpack/pl/LC_MESSAGES/libc.mo
7f6f1c04b000-7f6f1c05b000 r--s 00095000 08:05 7478140                    /home/mucha/.gradle/caches/transforms-1/files-1.1/support-compat-26.1.0.aar/24dd0a10867b0524ad9d287771c9f0cb/jars/classes.jar
7f6f1c05c000-7f6f1c061000 r--s 00039000 08:05 4990365                    /home/mucha/.gradle/caches/transforms-1/files-1.1/support-core-ui-26.1.0.aar/8b1be9ce52871c4b404ca87b4ef37441/jars/classes.jar
7f6f1c061000-7f6f1c064000 r--s 00015000 08:05 6694303                    /home/mucha/.gradle/caches/transforms-1/files-1.1/support-core-utils-26.1.0.aar/7dae131662be187dca48b22594b8d465/jars/classes.jar
7f6f1c064000-7f6f1c06f000 r--s 000a1000 08:05 10884487                   /home/mucha/.gradle/caches/transforms-1/files-1.1/appcompat-v7-26.1.0.aar/d4a4d0f48139e86782f4e83520cc4b7f/jars/classes.jar
7f6f1c06f000-7f6f1c07e000 r--s 000c9000 08:05 9843602                    /home/mucha/.gradle/caches/modules-2/files-2.1/org.jetbrains.kotlin/kotlin-stdlib/1.1.51/e34fe80c9714240525f665113dd3749415515655/kotlin-stdlib-1.1.51.jar
7f6f1c07e000-7f6f1c080000 r--s 00003000 08:05 5640694                    /home/mucha/Environment/AndroidStudio3.0/gradle/m2repository/org/jetbrains/annotations/13.0/annotations-13.0.jar
7f6f1c080000-7f6f1c082000 r--s 00016000 08:05 5116857                    /home/mucha/Android/Sdk/extras/m2repository/com/android/support/constraint/constraint-layout-solver/1.0.2/constraint-layout-solver-1.0.2.jar
7f6f1c082000-7f6f1c085000 r--s 00004000 08:05 9570035                    /home/mucha/.gradle/caches/modules-2/files-2.1/com.android.support/support-annotations/26.1.0/814258103cf26a15fcc26ecce35f5b7d24b73f8/support-annotations-26.1.0.jar
7f6f1c085000-7f6f1c285000 rw-p 00000000 00:00 0 
7f6f1c285000-7f6f1c485000 rw-p 00000000 00:00 0 
7f6f1c485000-7f6f1c685000 rw-p 00000000 00:00 0 
7f6f1c685000-7f6f1c885000 rw-p 00000000 00:00 0 
7f6f1c885000-7f6f1ca85000 rw-p 00000000 00:00 0 
7f6f1ca85000-7f6f1ca88000 ---p 00000000 00:00 0 
7f6f1ca88000-7f6f1cb86000 rw-p 00000000 00:00 0 
7f6f1cb86000-7f6f1cb89000 ---p 00000000 00:00 0 
7f6f1cb89000-7f6f1ce87000 rw-p 00000000 00:00 0 
7f6f1ce87000-7f6f1ce8a000 ---p 00000000 00:00 0 
7f6f1ce8a000-7f6f1cf88000 rw-p 00000000 00:00 0 
7f6f1cf88000-7f6f1cf8b000 ---p 00000000 00:00 0 
7f6f1cf8b000-7f6f1d089000 rw-p 00000000 00:00 0 
7f6f1d089000-7f6f1d08c000 ---p 00000000 00:00 0 
7f6f1d08c000-7f6f1d18a000 rw-p 00000000 00:00 0 
7f6f1d18a000-7f6f1d18d000 ---p 00000000 00:00 0 
7f6f1d18d000-7f6f1d28b000 rw-p 00000000 00:00 0 
7f6f1d28b000-7f6f1d28e000 ---p 00000000 00:00 0 
7f6f1d28e000-7f6f1d38c000 rw-p 00000000 00:00 0 
7f6f1d38c000-7f6f1d38f000 ---p 00000000 00:00 0 
7f6f1d38f000-7f6f1d48d000 rw-p 00000000 00:00 0 
7f6f1d48d000-7f6f1d506000 r--s 010fd000 08:05 1448211                    /home/mucha/Environment/AndroidStudio3.0/jre/lib/tools.jar
7f6f1d506000-7f6f1d51c000 r-xp 00000000 08:05 3674605                    /home/mucha/Environment/AndroidStudio3.0/jre/jre/lib/amd64/libnet.so
7f6f1d51c000-7f6f1d71c000 ---p 00016000 08:05 3674605                    /home/mucha/Environment/AndroidStudio3.0/jre/jre/lib/amd64/libnet.so
7f6f1d71c000-7f6f1d71d000 r--p 00016000 08:05 3674605                    /home/mucha/Environment/AndroidStudio3.0/jre/jre/lib/amd64/libnet.so
7f6f1d71d000-7f6f1d71e000 rw-p 00017000 08:05 3674605                    /home/mucha/Environment/AndroidStudio3.0/jre/jre/lib/amd64/libnet.so
7f6f1d71e000-7f6f1d72f000 r-xp 00000000 08:05 3674596                    /home/mucha/Environment/AndroidStudio3.0/jre/jre/lib/amd64/libnio.so
7f6f1d72f000-7f6f1d92e000 ---p 00011000 08:05 3674596                    /home/mucha/Environment/AndroidStudio3.0/jre/jre/lib/amd64/libnio.so
7f6f1d92e000-7f6f1d92f000 r--p 00010000 08:05 3674596                    /home/mucha/Environment/AndroidStudio3.0/jre/jre/lib/amd64/libnio.so
7f6f1d92f000-7f6f1d930000 rw-p 00011000 08:05 3674596                    /home/mucha/Environment/AndroidStudio3.0/jre/jre/lib/amd64/libnio.so
7f6f1d930000-7f6f1d939000 r-xp 00000000 08:05 3674624                    /home/mucha/Environment/AndroidStudio3.0/jre/jre/lib/amd64/libmanagement.so
7f6f1d939000-7f6f1db38000 ---p 00009000 08:05 3674624                    /home/mucha/Environment/AndroidStudio3.0/jre/jre/lib/amd64/libmanagement.so
7f6f1db38000-7f6f1db39000 r--p 00008000 08:05 3674624                    /home/mucha/Environment/AndroidStudio3.0/jre/jre/lib/amd64/libmanagement.so
7f6f1db39000-7f6f1db3a000 rw-p 00009000 08:05 3674624                    /home/mucha/Environment/AndroidStudio3.0/jre/jre/lib/amd64/libmanagement.so
7f6f1db3a000-7f6f1db7c000 rw-p 00000000 00:00 0 
7f6f1db7c000-7f6f1dd5e000 r--s 01a45000 08:05 9308689                    /home/mucha/.gradle/caches/modules-2/files-2.1/org.jetbrains.kotlin/kotlin-compiler-embeddable/1.1.51/e87f62328a705dc5c5b857f1aa50d1732c8bc3d6/kotlin-compiler-embeddable-1.1.51.jar
7f6f1dd5e000-7f6f1dd5f000 ---p 00000000 00:00 0 
7f6f1dd5f000-7f6f1de5f000 rw-p 00000000 00:00 0 
7f6f1de5f000-7f6f1de62000 ---p 00000000 00:00 0 
7f6f1de62000-7f6f1df60000 rw-p 00000000 00:00 0 
7f6f1df60000-7f6f1df63000 ---p 00000000 00:00 0 
7f6f1df63000-7f6f1e061000 rw-p 00000000 00:00 0 
7f6f1e061000-7f6f1e064000 ---p 00000000 00:00 0 
7f6f1e064000-7f6f1e162000 rw-p 00000000 00:00 0 
7f6f1e162000-7f6f1e165000 ---p 00000000 00:00 0 
7f6f1e165000-7f6f1e263000 rw-p 00000000 00:00 0 
7f6f1e263000-7f6f1e266000 ---p 00000000 00:00 0 
7f6f1e266000-7f6f1e364000 rw-p 00000000 00:00 0 
7f6f1e364000-7f6f1e367000 ---p 00000000 00:00 0 
7f6f1e367000-7f6f1e465000 rw-p 00000000 00:00 0 
7f6f1e465000-7f6f1e86e000 r--p 00000000 08:15 263431                     /usr/lib/locale/locale-archive
7f6f1e86e000-7f6f1e871000 ---p 00000000 00:00 0 
7f6f1e871000-7f6f1e96f000 rw-p 00000000 00:00 0 
7f6f1e96f000-7f6f1e972000 ---p 00000000 00:00 0 
7f6f1e972000-7f6f1ea70000 rw-p 00000000 00:00 0 
7f6f1ea70000-7f6f1ea71000 ---p 00000000 00:00 0 
7f6f1ea71000-7f6f20630000 rw-p 00000000 00:00 0 
7f6f20630000-7f6f20800000 r--s 03c46000 08:05 3542219                    /home/mucha/Environment/AndroidStudio3.0/jre/jre/lib/rt.jar
7f6f20800000-7f6f24000000 rw-p 00000000 00:00 0 
7f6f24000000-7f6f24043000 rw-p 00000000 00:00 0 
7f6f24043000-7f6f28000000 ---p 00000000 00:00 0 
7f6f28000000-7f6f28021000 rw-p 00000000 00:00 0 
7f6f28021000-7f6f2c000000 ---p 00000000 00:00 0 
7f6f2c000000-7f6f2c021000 rw-p 00000000 00:00 0 
7f6f2c021000-7f6f30000000 ---p 00000000 00:00 0 
7f6f30000000-7f6f30021000 rw-p 00000000 00:00 0 
7f6f30021000-7f6f34000000 ---p 00000000 00:00 0 
7f6f34000000-7f6f34021000 rw-p 00000000 00:00 0 
7f6f34021000-7f6f38000000 ---p 00000000 00:00 0 
7f6f38000000-7f6f38021000 rw-p 00000000 00:00 0 
7f6f38021000-7f6f3c000000 ---p 00000000 00:00 0 
7f6f3c000000-7f6f3c021000 rw-p 00000000 00:00 0 
7f6f3c021000-7f6f40000000 ---p 00000000 00:00 0 
7f6f40000000-7f6f40021000 rw-p 00000000 00:00 0 
7f6f40021000-7f6f44000000 ---p 00000000 00:00 0 
7f6f44001000-7f6f4401d000 r--s 00393000 08:05 3542200                    /home/mucha/Environment/AndroidStudio3.0/jre/jre/lib/ext/cldrdata.jar
7f6f4401d000-7f6f444f7000 rw-p 00000000 00:00 0 
7f6f444f7000-7f6f444f8000 ---p 00000000 00:00 0 
7f6f444f8000-7f6f445f8000 rw-p 00000000 00:00 0 
7f6f445f8000-7f6f445f9000 ---p 00000000 00:00 0 
7f6f445f9000-7f6f446f9000 rw-p 00000000 00:00 0 
7f6f446f9000-7f6f446fa000 ---p 00000000 00:00 0 
7f6f446fa000-7f6f447fa000 rw-p 00000000 00:00 0 
7f6f447fa000-7f6f447fb000 ---p 00000000 00:00 0 
7f6f447fb000-7f6f448fb000 rw-p 00000000 00:00 0 
7f6f448fb000-7f6f448fc000 ---p 00000000 00:00 0 
7f6f448fc000-7f6f449fc000 rw-p 00000000 00:00 0 
7f6f449fc000-7f6f449fd000 ---p 00000000 00:00 0 
7f6f449fd000-7f6f44afd000 rw-p 00000000 00:00 0 
7f6f44afd000-7f6f44afe000 ---p 00000000 00:00 0 
7f6f44afe000-7f6f44bfe000 rw-p 00000000 00:00 0 
7f6f44bfe000-7f6f44bff000 ---p 00000000 00:00 0 
7f6f44bff000-7f6f44d49000 rw-p 00000000 00:00 0 
7f6f44d49000-7f6f44eff000 ---p 00000000 00:00 0 
7f6f44eff000-7f6f44fce000 rw-p 00000000 00:00 0 
7f6f44fce000-7f6f44fff000 ---p 00000000 00:00 0 
7f6f44fff000-7f6f45000000 rw-p 00000000 00:00 0 
7f6f45000000-7f6f47050000 rwxp 00000000 00:00 0 
7f6f47050000-7f6f54000000 ---p 00000000 00:00 0 
7f6f54000000-7f6f54424000 rw-p 00000000 00:00 0 
7f6f54424000-7f6f58000000 ---p 00000000 00:00 0 
7f6f58001000-7f6f58004000 r--s 00028000 08:05 4462954                    /home/mucha/.gradle/caches/transforms-1/files-1.1/support-fragment-26.1.0.aar/6f6ea8cb49f7586aa608824b3fc6c4d3/jars/classes.jar
7f6f58004000-7f6f5809c000 rw-p 00000000 00:00 0 
7f6f5809c000-7f6f58252000 ---p 00000000 00:00 0 
7f6f58252000-7f6f582d4000 rw-p 00000000 00:00 0 
7f6f582d4000-7f6f58612000 ---p 00000000 00:00 0 
7f6f58612000-7f6f5862c000 r-xp 00000000 08:05 3674609                    /home/mucha/Environment/AndroidStudio3.0/jre/jre/lib/amd64/libzip.so
7f6f5862c000-7f6f5882c000 ---p 0001a000 08:05 3674609                    /home/mucha/Environment/AndroidStudio3.0/jre/jre/lib/amd64/libzip.so
7f6f5882c000-7f6f5882d000 r--p 0001a000 08:05 3674609                    /home/mucha/Environment/AndroidStudio3.0/jre/jre/lib/amd64/libzip.so
7f6f5882d000-7f6f5882e000 rw-p 0001b000 08:05 3674609                    /home/mucha/Environment/AndroidStudio3.0/jre/jre/lib/amd64/libzip.so
7f6f5882e000-7f6f58839000 r-xp 00000000 08:15 2363118                    /lib/x86_64-linux-gnu/libnss_files-2.23.so
7f6f58839000-7f6f58a38000 ---p 0000b000 08:15 2363118                    /lib/x86_64-linux-gnu/libnss_files-2.23.so
7f6f58a38000-7f6f58a39000 r--p 0000a000 08:15 2363118                    /lib/x86_64-linux-gnu/libnss_files-2.23.so
7f6f58a39000-7f6f58a3a000 rw-p 0000b000 08:15 2363118                    /lib/x86_64-linux-gnu/libnss_files-2.23.so
7f6f58a3a000-7f6f58a40000 rw-p 00000000 00:00 0 
7f6f58a40000-7f6f58a4b000 r-xp 00000000 08:15 2363121                    /lib/x86_64-linux-gnu/libnss_nis-2.23.so
7f6f58a4b000-7f6f58c4a000 ---p 0000b000 08:15 2363121                    /lib/x86_64-linux-gnu/libnss_nis-2.23.so
7f6f58c4a000-7f6f58c4b000 r--p 0000a000 08:15 2363121                    /lib/x86_64-linux-gnu/libnss_nis-2.23.so
7f6f58c4b000-7f6f58c4c000 rw-p 0000b000 08:15 2363121                    /lib/x86_64-linux-gnu/libnss_nis-2.23.so
7f6f58c4c000-7f6f58c62000 r-xp 00000000 08:15 2359997                    /lib/x86_64-linux-gnu/libnsl-2.23.so
7f6f58c62000-7f6f58e61000 ---p 00016000 08:15 2359997                    /lib/x86_64-linux-gnu/libnsl-2.23.so
7f6f58e61000-7f6f58e62000 r--p 00015000 08:15 2359997                    /lib/x86_64-linux-gnu/libnsl-2.23.so
7f6f58e62000-7f6f58e63000 rw-p 00016000 08:15 2359997                    /lib/x86_64-linux-gnu/libnsl-2.23.so
7f6f58e63000-7f6f58e65000 rw-p 00000000 00:00 0 
7f6f58e65000-7f6f58e6d000 r-xp 00000000 08:15 2363127                    /lib/x86_64-linux-gnu/libnss_compat-2.23.so
7f6f58e6d000-7f6f5906c000 ---p 00008000 08:15 2363127                    /lib/x86_64-linux-gnu/libnss_compat-2.23.so
7f6f5906c000-7f6f5906d000 r--p 00007000 08:15 2363127                    /lib/x86_64-linux-gnu/libnss_compat-2.23.so
7f6f5906d000-7f6f5906e000 rw-p 00008000 08:15 2363127                    /lib/x86_64-linux-gnu/libnss_compat-2.23.so
7f6f5906e000-7f6f5909b000 r-xp 00000000 08:05 3674623                    /home/mucha/Environment/AndroidStudio3.0/jre/jre/lib/amd64/libjava.so
7f6f5909b000-7f6f5929a000 ---p 0002d000 08:05 3674623                    /home/mucha/Environment/AndroidStudio3.0/jre/jre/lib/amd64/libjava.so
7f6f5929a000-7f6f5929b000 r--p 0002c000 08:05 3674623                    /home/mucha/Environment/AndroidStudio3.0/jre/jre/lib/amd64/libjava.so
7f6f5929b000-7f6f5929d000 rw-p 0002d000 08:05 3674623                    /home/mucha/Environment/AndroidStudio3.0/jre/jre/lib/amd64/libjava.so
7f6f5929d000-7f6f592ad000 r-xp 00000000 08:05 3674626                    /home/mucha/Environment/AndroidStudio3.0/jre/jre/lib/amd64/libverify.so
7f6f592ad000-7f6f594ac000 ---p 00010000 08:05 3674626                    /home/mucha/Environment/AndroidStudio3.0/jre/jre/lib/amd64/libverify.so
7f6f594ac000-7f6f594ae000 r--p 0000f000 08:05 3674626                    /home/mucha/Environment/AndroidStudio3.0/jre/jre/lib/amd64/libverify.so
7f6f594ae000-7f6f594af000 rw-p 00011000 08:05 3674626                    /home/mucha/Environment/AndroidStudio3.0/jre/jre/lib/amd64/libverify.so
7f6f594af000-7f6f594b6000 r-xp 00000000 08:15 2363123                    /lib/x86_64-linux-gnu/librt-2.23.so
7f6f594b6000-7f6f596b5000 ---p 00007000 08:15 2363123                    /lib/x86_64-linux-gnu/librt-2.23.so
7f6f596b5000-7f6f596b6000 r--p 00006000 08:15 2363123                    /lib/x86_64-linux-gnu/librt-2.23.so
7f6f596b6000-7f6f596b7000 rw-p 00007000 08:15 2363123                    /lib/x86_64-linux-gnu/librt-2.23.so
7f6f596b7000-7f6f597bf000 r-xp 00000000 08:15 2363133                    /lib/x86_64-linux-gnu/libm-2.23.so
7f6f597bf000-7f6f599be000 ---p 00108000 08:15 2363133                    /lib/x86_64-linux-gnu/libm-2.23.so
7f6f599be000-7f6f599bf000 r--p 00107000 08:15 2363133                    /lib/x86_64-linux-gnu/libm-2.23.so
7f6f599bf000-7f6f599c0000 rw-p 00108000 08:15 2363133                    /lib/x86_64-linux-gnu/libm-2.23.so
7f6f599c0000-7f6f5a5b8000 r-xp 00000000 08:05 3674629                    /home/mucha/Environment/AndroidStudio3.0/jre/jre/lib/amd64/server/libjvm.so
7f6f5a5b8000-7f6f5a7b8000 ---p 00bf8000 08:05 3674629                    /home/mucha/Environment/AndroidStudio3.0/jre/jre/lib/amd64/server/libjvm.so
7f6f5a7b8000-7f6f5a857000 r--p 00bf8000 08:05 3674629                    /home/mucha/Environment/AndroidStudio3.0/jre/jre/lib/amd64/server/libjvm.so
7f6f5a857000-7f6f5a880000 rw-p 00c97000 08:05 3674629                    /home/mucha/Environment/AndroidStudio3.0/jre/jre/lib/amd64/server/libjvm.so
7f6f5a880000-7f6f5a8c4000 rw-p 00000000 00:00 0 
7f6f5a8c4000-7f6f5a8dc000 r-xp 00000000 08:15 2363120                    /lib/x86_64-linux-gnu/libpthread-2.23.so
7f6f5a8dc000-7f6f5aadb000 ---p 00018000 08:15 2363120                    /lib/x86_64-linux-gnu/libpthread-2.23.so
7f6f5aadb000-7f6f5aadc000 r--p 00017000 08:15 2363120                    /lib/x86_64-linux-gnu/libpthread-2.23.so
7f6f5aadc000-7f6f5aadd000 rw-p 00018000 08:15 2363120                    /lib/x86_64-linux-gnu/libpthread-2.23.so
7f6f5aadd000-7f6f5aae1000 rw-p 00000000 00:00 0 
7f6f5aae1000-7f6f5aae4000 r-xp 00000000 08:15 2363126                    /lib/x86_64-linux-gnu/libdl-2.23.so
7f6f5aae4000-7f6f5ace3000 ---p 00003000 08:15 2363126                    /lib/x86_64-linux-gnu/libdl-2.23.so
7f6f5ace3000-7f6f5ace4000 r--p 00002000 08:15 2363126                    /lib/x86_64-linux-gnu/libdl-2.23.so
7f6f5ace4000-7f6f5ace5000 rw-p 00003000 08:15 2363126                    /lib/x86_64-linux-gnu/libdl-2.23.so
7f6f5ace5000-7f6f5aea5000 r-xp 00000000 08:15 2363139                    /lib/x86_64-linux-gnu/libc-2.23.so
7f6f5aea5000-7f6f5b0a5000 ---p 001c0000 08:15 2363139                    /lib/x86_64-linux-gnu/libc-2.23.so
7f6f5b0a5000-7f6f5b0a9000 r--p 001c0000 08:15 2363139                    /lib/x86_64-linux-gnu/libc-2.23.so
7f6f5b0a9000-7f6f5b0ab000 rw-p 001c4000 08:15 2363139                    /lib/x86_64-linux-gnu/libc-2.23.so
7f6f5b0ab000-7f6f5b0af000 rw-p 00000000 00:00 0 
7f6f5b0af000-7f6f5b0c5000 r-xp 00000000 08:05 3807784                    /home/mucha/Environment/AndroidStudio3.0/jre/jre/lib/amd64/jli/libjli.so
7f6f5b0c5000-7f6f5b2c4000 ---p 00016000 08:05 3807784                    /home/mucha/Environment/AndroidStudio3.0/jre/jre/lib/amd64/jli/libjli.so
7f6f5b2c4000-7f6f5b2c5000 r--p 00015000 08:05 3807784                    /home/mucha/Environment/AndroidStudio3.0/jre/jre/lib/amd64/jli/libjli.so
7f6f5b2c5000-7f6f5b2c6000 rw-p 00016000 08:05 3807784                    /home/mucha/Environment/AndroidStudio3.0/jre/jre/lib/amd64/jli/libjli.so
7f6f5b2c6000-7f6f5b2ec000 r-xp 00000000 08:15 2363115                    /lib/x86_64-linux-gnu/ld-2.23.so
7f6f5b2ec000-7f6f5b2ed000 r--s 00000000 08:05 9843726                    /home/mucha/.gradle/caches/modules-2/files-2.1/org.jetbrains.kotlin/kotlin-stdlib-jre7/1.1.51/8b5933578dc55f32cfc1a25f1db6371e4161fb8f/kotlin-stdlib-jre7-1.1.51.jar
7f6f5b2ed000-7f6f5b2ee000 r--s 00002000 08:05 9570037                    /home/mucha/.gradle/caches/modules-2/files-2.1/android.arch.core/common/1.0.0/a2d487452376193fc8c103dd2b9bd5f2b1b44563/common-1.0.0.jar
7f6f5b2ee000-7f6f5b2f0000 r--s 00002000 08:05 9570072                    /home/mucha/.gradle/caches/modules-2/files-2.1/android.arch.lifecycle/common/1.0.0/e414a4cb28434e25c4f6aa71426eb20cf4874ae9/common-1.0.0.jar
7f6f5b2f0000-7f6f5b302000 r--s 00345000 08:05 3542222                    /home/mucha/Environment/AndroidStudio3.0/jre/jre/lib/resources.jar
7f6f5b302000-7f6f5b3c4000 rw-p 00000000 00:00 0 
7f6f5b3c4000-7f6f5b3c7000 ---p 00000000 00:00 0 
7f6f5b3c7000-7f6f5b4c9000 rw-p 00000000 00:00 0 
7f6f5b4c9000-7f6f5b4ca000 r--s 00002000 08:05 4728113                    /home/mucha/.gradle/caches/transforms-1/files-1.1/runtime-1.0.0.aar/eb8df4a950944f2ed6bbf40122a5ea92/jars/classes.jar
7f6f5b4ca000-7f6f5b4d0000 r--s 00041000 08:05 9047849                    /home/mucha/.gradle/caches/modules-2/files-2.1/org.jetbrains.kotlin/kotlin-android-extensions/1.1.51/5c33f0c440fdd8416f77824bda078426c3f3dc94/kotlin-android-extensions-1.1.51.jar
7f6f5b4d0000-7f6f5b4d5000 r--s 0009a000 08:05 3542221                    /home/mucha/Environment/AndroidStudio3.0/jre/jre/lib/jsse.jar
7f6f5b4d5000-7f6f5b4df000 r--s 00116000 08:05 3542197                    /home/mucha/Environment/AndroidStudio3.0/jre/jre/lib/ext/localedata.jar
7f6f5b4df000-7f6f5b4e7000 rw-s 00000000 08:15 137807                     /tmp/hsperfdata_mucha/13319
7f6f5b4e7000-7f6f5b4e8000 rw-p 00000000 00:00 0 
7f6f5b4e8000-7f6f5b4e9000 ---p 00000000 00:00 0 
7f6f5b4e9000-7f6f5b4eb000 rw-p 00000000 00:00 0 
7f6f5b4eb000-7f6f5b4ec000 r--p 00025000 08:15 2363115                    /lib/x86_64-linux-gnu/ld-2.23.so
7f6f5b4ec000-7f6f5b4ed000 rw-p 00026000 08:15 2363115                    /lib/x86_64-linux-gnu/ld-2.23.so
7f6f5b4ed000-7f6f5b4ee000 rw-p 00000000 00:00 0 
7ffca3b17000-7ffca3b38000 rw-p 00000000 00:00 0                          [stack]
7ffca3b5b000-7ffca3b5d000 r--p 00000000 00:00 0                          [vvar]
7ffca3b5d000-7ffca3b5f000 r-xp 00000000 00:00 0                          [vdso]
ffffffffff600000-ffffffffff601000 r-xp 00000000 00:00 0                  [vsyscall]

VM Arguments:
jvm_args: -Djava.awt.headless=true -Djava.rmi.server.hostname=localhost -Xmx1536m -Dkotlin.environment.keepalive 
java_command: org.jetbrains.kotlin.daemon.KotlinCompileDaemon --daemon-runFilesPath /home/mucha/.local/share/kotlin/daemon --daemon-autoshutdownIdleSeconds=7200 --daemon-compilerClasspath /home/mucha/.gradle/caches/modules-2/files-2.1/org.jetbrains.kotlin/kotlin-compiler-embeddable/1.1.51/e87f62328a705dc5c5b857f1aa50d1732c8bc3d6/kotlin-compiler-embeddable-1.1.51.jar:/home/mucha/Environment/AndroidStudio3.0/jre/lib/tools.jar
java_class_path (initial): /home/mucha/.gradle/caches/modules-2/files-2.1/org.jetbrains.kotlin/kotlin-compiler-embeddable/1.1.51/e87f62328a705dc5c5b857f1aa50d1732c8bc3d6/kotlin-compiler-embeddable-1.1.51.jar:/home/mucha/Environment/AndroidStudio3.0/jre/lib/tools.jar
Launcher Type: SUN_STANDARD

Environment Variables:
JAVA_HOME=/usr/lib/jvm/java-8-oracle
PATH=/home/mucha/bin:/home/mucha/.local/bin:/usr/local/sbin:/usr/local/bin:/usr/sbin:/usr/bin:/sbin:/bin:/usr/games:/usr/local/games:$JAVA_HOME/bin:$MAVEN_HOME/bin:/snap/bin:/usr/lib/jvm/java-8-oracle/bin:/usr/lib/jvm/java-8-oracle/db/bin:/usr/lib/jvm/java-8-oracle/jre/bin
LD_LIBRARY_PATH=/home/mucha/Environment/AndroidStudio3.0/bin:
SHELL=/bin/bash
DISPLAY=:0

Signal Handlers:
SIGSEGV: [libjvm.so+0x9ebc60], sa_mask[0]=11111111011111111101111111111110, sa_flags=SA_RESTART|SA_SIGINFO
SIGBUS: [libjvm.so+0x9ebc60], sa_mask[0]=11111111011111111101111111111110, sa_flags=SA_RESTART|SA_SIGINFO
SIGFPE: [libjvm.so+0x84cf60], sa_mask[0]=11111111011111111101111111111110, sa_flags=SA_RESTART|SA_SIGINFO
SIGPIPE: [libjvm.so+0x84cf60], sa_mask[0]=11111111011111111101111111111110, sa_flags=SA_RESTART|SA_SIGINFO
SIGXFSZ: [libjvm.so+0x84cf60], sa_mask[0]=11111111011111111101111111111110, sa_flags=SA_RESTART|SA_SIGINFO
SIGILL: [libjvm.so+0x84cf60], sa_mask[0]=11111111011111111101111111111110, sa_flags=SA_RESTART|SA_SIGINFO
SIGUSR1: SIG_DFL, sa_mask[0]=00000000000000000000000000000000, sa_flags=none
SIGUSR2: [libjvm.so+0x84ce30], sa_mask[0]=00100000000000000000000000000000, sa_flags=SA_RESTART|SA_SIGINFO
SIGHUP: [libjvm.so+0x84d020], sa_mask[0]=11111111011111111101111111111110, sa_flags=SA_RESTART|SA_SIGINFO
SIGINT: SIG_IGN, sa_mask[0]=00000000000000000000000000000000, sa_flags=none
SIGTERM: [libjvm.so+0x84d020], sa_mask[0]=11111111011111111101111111111110, sa_flags=SA_RESTART|SA_SIGINFO
SIGQUIT: [libjvm.so+0x84d020], sa_mask[0]=11111111011111111101111111111110, sa_flags=SA_RESTART|SA_SIGINFO


---------------  S Y S T E M  ---------------

OS:DISTRIB_ID=Ubuntu
DISTRIB_RELEASE=16.04
DISTRIB_CODENAME=xenial
DISTRIB_DESCRIPTION="Ubuntu 16.04.3 LTS"

uname:Linux 4.10.0-38-generic #42~16.04.1-Ubuntu SMP Tue Oct 10 16:32:20 UTC 2017 x86_64
libc:glibc 2.23 NPTL 2.23 
rlimit: STACK 8192k, CORE 0k, NPROC 31389, NOFILE 1048576, AS infinity
load average:1,10 1,45 1,27

/proc/meminfo:
MemTotal:        8087460 kB
MemFree:          120824 kB
MemAvailable:      11580 kB
Buffers:             832 kB
Cached:           119920 kB
SwapCached:         6524 kB
Active:          6745632 kB
Inactive:         850948 kB
Active(anon):    6739668 kB
Inactive(anon):   844056 kB
Active(file):       5964 kB
Inactive(file):     6892 kB
Unevictable:         248 kB
Mlocked:             248 kB
SwapTotal:        499708 kB
SwapFree:              0 kB
Dirty:                48 kB
Writeback:            20 kB
AnonPages:       7471344 kB
Mapped:           173072 kB
Shmem:            105944 kB
Slab:             116156 kB
SReclaimable:      46556 kB
SUnreclaim:        69600 kB
KernelStack:       19776 kB
PageTables:        82024 kB
NFS_Unstable:          0 kB
Bounce:                0 kB
WritebackTmp:          0 kB
CommitLimit:     4543436 kB
Committed_AS:   17554080 kB
VmallocTotal:   34359738367 kB
VmallocUsed:           0 kB
VmallocChunk:          0 kB
HardwareCorrupted:     0 kB
AnonHugePages:   3549184 kB
ShmemHugePages:        0 kB
ShmemPmdMapped:        0 kB
CmaTotal:              0 kB
CmaFree:               0 kB
HugePages_Total:       0
HugePages_Free:        0
HugePages_Rsvd:        0
HugePages_Surp:        0
Hugepagesize:       2048 kB
DirectMap4k:      371456 kB
DirectMap2M:     6883328 kB
DirectMap1G:     2097152 kB


CPU:total 8 (initial active 8) (4 cores per cpu, 2 threads per core) family 6 model 60 stepping 3, cmov, cx8, fxsr, mmx, sse, sse2, sse3, ssse3, sse4.1, sse4.2, popcnt, avx, avx2, aes, clmul, erms, lzcnt, ht, tsc, tscinvbit, bmi1, bmi2

/proc/cpuinfo:
processor	: 0
vendor_id	: GenuineIntel
cpu family	: 6
model		: 60
model name	: Intel(R) Core(TM) i7-4702MQ CPU @ 2.20GHz
stepping	: 3
microcode	: 0x10
cpu MHz		: 2400.341
cache size	: 6144 KB
physical id	: 0
siblings	: 8
core id		: 0
cpu cores	: 4
apicid		: 0
initial apicid	: 0
fpu		: yes
fpu_exception	: yes
cpuid level	: 13
wp		: yes
flags		: fpu vme de pse tsc msr pae mce cx8 apic sep mtrr pge mca cmov pat pse36 clflush dts acpi mmx fxsr sse sse2 ss ht tm pbe syscall nx pdpe1gb rdtscp lm constant_tsc arch_perfmon pebs bts rep_good nopl xtopology nonstop_tsc aperfmperf pni pclmulqdq dtes64 monitor ds_cpl vmx est tm2 ssse3 sdbg fma cx16 xtpr pdcm pcid sse4_1 sse4_2 movbe popcnt tsc_deadline_timer aes xsave avx f16c rdrand lahf_lm abm epb tpr_shadow vnmi flexpriority ept vpid fsgsbase tsc_adjust bmi1 avx2 smep bmi2 erms invpcid xsaveopt dtherm ida arat pln pts
bugs		:
bogomips	: 4390.26
clflush size	: 64
cache_alignment	: 64
address sizes	: 39 bits physical, 48 bits virtual
power management:

processor	: 1
vendor_id	: GenuineIntel
cpu family	: 6
model		: 60
model name	: Intel(R) Core(TM) i7-4702MQ CPU @ 2.20GHz
stepping	: 3
microcode	: 0x10
cpu MHz		: 2406.250
cache size	: 6144 KB
physical id	: 0
siblings	: 8
core id		: 0
cpu cores	: 4
apicid		: 1
initial apicid	: 1
fpu		: yes
fpu_exception	: yes
cpuid level	: 13
wp		: yes
flags		: fpu vme de pse tsc msr pae mce cx8 apic sep mtrr pge mca cmov pat pse36 clflush dts acpi mmx fxsr sse sse2 ss ht tm pbe syscall nx pdpe1gb rdtscp lm constant_tsc arch_perfmon pebs bts rep_good nopl xtopology nonstop_tsc aperfmperf pni pclmulqdq dtes64 monitor ds_cpl vmx est tm2 ssse3 sdbg fma cx16 xtpr pdcm pcid sse4_1 sse4_2 movbe popcnt tsc_deadline_timer aes xsave avx f16c rdrand lahf_lm abm epb tpr_shadow vnmi flexpriority ept vpid fsgsbase tsc_adjust bmi1 avx2 smep bmi2 erms invpcid xsaveopt dtherm ida arat pln pts
bugs		:
bogomips	: 4390.26
clflush size	: 64
cache_alignment	: 64
address sizes	: 39 bits physical, 48 bits virtual
power management:

processor	: 2
vendor_id	: GenuineIntel
cpu family	: 6
model		: 60
model name	: Intel(R) Core(TM) i7-4702MQ CPU @ 2.20GHz
stepping	: 3
microcode	: 0x10
cpu MHz		: 2884.680
cache size	: 6144 KB
physical id	: 0
siblings	: 8
core id		: 1
cpu cores	: 4
apicid		: 2
initial apicid	: 2
fpu		: yes
fpu_exception	: yes
cpuid level	: 13
wp		: yes
flags		: fpu vme de pse tsc msr pae mce cx8 apic sep mtrr pge mca cmov pat pse36 clflush dts acpi mmx fxsr sse sse2 ss ht tm pbe syscall nx pdpe1gb rdtscp lm constant_tsc arch_perfmon pebs bts rep_good nopl xtopology nonstop_tsc aperfmperf pni pclmulqdq dtes64 monitor ds_cpl vmx est tm2 ssse3 sdbg fma cx16 xtpr pdcm pcid sse4_1 sse4_2 movbe popcnt tsc_deadline_timer aes xsave avx f16c rdrand lahf_lm abm epb tpr_shadow vnmi flexpriority ept vpid fsgsbase tsc_adjust bmi1 avx2 smep bmi2 erms invpcid xsaveopt dtherm ida arat pln pts
bugs		:
bogomips	: 4390.26
clflush size	: 64
cache_alignment	: 64
address sizes	: 39 bits physical, 48 bits virtual
power management:

processor	: 3
vendor_id	: GenuineIntel
cpu family	: 6
model		: 60
model name	: Intel(R) Core(TM) i7-4702MQ CPU @ 2.20GHz
stepping	: 3
microcode	: 0x10
cpu MHz		: 2758.593
cache size	: 6144 KB
physical id	: 0
siblings	: 8
core id		: 1
cpu cores	: 4
apicid		: 3
initial apicid	: 3
fpu		: yes
fpu_exception	: yes
cpuid level	: 13
wp		: yes
flags		: fpu vme de pse tsc msr pae mce cx8 apic sep mtrr pge mca cmov pat pse36 clflush dts acpi mmx fxsr sse sse2 ss ht tm pbe syscall nx pdpe1gb rdtscp lm constant_tsc arch_perfmon pebs bts rep_good nopl xtopology nonstop_tsc aperfmperf pni pclmulqdq dtes64 monitor ds_cpl vmx est tm2 ssse3 sdbg fma cx16 xtpr pdcm pcid sse4_1 sse4_2 movbe popcnt tsc_deadline_timer aes xsave avx f16c rdrand lahf_lm abm epb tpr_shadow vnmi flexpriority ept vpid fsgsbase tsc_adjust bmi1 avx2 smep bmi2 erms invpcid xsaveopt dtherm ida arat pln pts
bugs		:
bogomips	: 4390.26
clflush size	: 64
cache_alignment	: 64
address sizes	: 39 bits physical, 48 bits virtual
power management:

processor	: 4
vendor_id	: GenuineIntel
cpu family	: 6
model		: 60
model name	: Intel(R) Core(TM) i7-4702MQ CPU @ 2.20GHz
stepping	: 3
microcode	: 0x10
cpu MHz		: 2547.644
cache size	: 6144 KB
physical id	: 0
siblings	: 8
core id		: 2
cpu cores	: 4
apicid		: 4
initial apicid	: 4
fpu		: yes
fpu_exception	: yes
cpuid level	: 13
wp		: yes
flags		: fpu vme de pse tsc msr pae mce cx8 apic sep mtrr pge mca cmov pat pse36 clflush dts acpi mmx fxsr sse sse2 ss ht tm pbe syscall nx pdpe1gb rdtscp lm constant_tsc arch_perfmon pebs bts rep_good nopl xtopology nonstop_tsc aperfmperf pni pclmulqdq dtes64 monitor ds_cpl vmx est tm2 ssse3 sdbg fma cx16 xtpr pdcm pcid sse4_1 sse4_2 movbe popcnt tsc_deadline_timer aes xsave avx f16c rdrand lahf_lm abm epb tpr_shadow vnmi flexpriority ept vpid fsgsbase tsc_adjust bmi1 avx2 smep bmi2 erms invpcid xsaveopt dtherm ida arat pln pts
bugs		:
bogomips	: 4390.26
clflush size	: 64
cache_alignment	: 64
address sizes	: 39 bits physical, 48 bits virtual
power management:

processor	: 5
vendor_id	: GenuineIntel
cpu family	: 6
model		: 60
model name	: Intel(R) Core(TM) i7-4702MQ CPU @ 2.20GHz
stepping	: 3
microcode	: 0x10
cpu MHz		: 2201.611
cache size	: 6144 KB
physical id	: 0
siblings	: 8
core id		: 2
cpu cores	: 4
apicid		: 5
initial apicid	: 5
fpu		: yes
fpu_exception	: yes
cpuid level	: 13
wp		: yes
flags		: fpu vme de pse tsc msr pae mce cx8 apic sep mtrr pge mca cmov pat pse36 clflush dts acpi mmx fxsr sse sse2 ss ht tm pbe syscall nx pdpe1gb rdtscp lm constant_tsc arch_perfmon pebs bts rep_good nopl xtopology nonstop_tsc aperfmperf pni pclmulqdq dtes64 monitor ds_cpl vmx est tm2 ssse3 sdbg fma cx16 xtpr pdcm pcid sse4_1 sse4_2 movbe popcnt tsc_deadline_timer aes xsave avx f16c rdrand lahf_lm abm epb tpr_shadow vnmi flexpriority ept vpid fsgsbase tsc_adjust bmi1 avx2 smep bmi2 erms invpcid xsaveopt dtherm ida arat pln pts
bugs		:
bogomips	: 4390.26
clflush size	: 64
cache_alignment	: 64
address sizes	: 39 bits physical, 48 bits virtual
power management:

processor	: 6
vendor_id	: GenuineIntel
cpu family	: 6
model		: 60
model name	: Intel(R) Core(TM) i7-4702MQ CPU @ 2.20GHz
stepping	: 3
microcode	: 0x10
cpu MHz		: 2673.461
cache size	: 6144 KB
physical id	: 0
siblings	: 8
core id		: 3
cpu cores	: 4
apicid		: 6
initial apicid	: 6
fpu		: yes
fpu_exception	: yes
cpuid level	: 13
wp		: yes
flags		: fpu vme de pse tsc msr pae mce cx8 apic sep mtrr pge mca cmov pat pse36 clflush dts acpi mmx fxsr sse sse2 ss ht tm pbe syscall nx pdpe1gb rdtscp lm constant_tsc arch_perfmon pebs bts rep_good nopl xtopology nonstop_tsc aperfmperf pni pclmulqdq dtes64 monitor ds_cpl vmx est tm2 ssse3 sdbg fma cx16 xtpr pdcm pcid sse4_1 sse4_2 movbe popcnt tsc_deadline_timer aes xsave avx f16c rdrand lahf_lm abm epb tpr_shadow vnmi flexpriority ept vpid fsgsbase tsc_adjust bmi1 avx2 smep bmi2 erms invpcid xsaveopt dtherm ida arat pln pts
bugs		:
bogomips	: 4390.26
clflush size	: 64
cache_alignment	: 64
address sizes	: 39 bits physical, 48 bits virtual
power management:

processor	: 7
vendor_id	: GenuineIntel
cpu family	: 6
model		: 60
model name	: Intel(R) Core(TM) i7-4702MQ CPU @ 2.20GHz
stepping	: 3
microcode	: 0x10
cpu MHz		: 2086.938
cache size	: 6144 KB
physical id	: 0
siblings	: 8
core id		: 3
cpu cores	: 4
apicid		: 7
initial apicid	: 7
fpu		: yes
fpu_exception	: yes
cpuid level	: 13
wp		: yes
flags		: fpu vme de pse tsc msr pae mce cx8 apic sep mtrr pge mca cmov pat pse36 clflush dts acpi mmx fxsr sse sse2 ss ht tm pbe syscall nx pdpe1gb rdtscp lm constant_tsc arch_perfmon pebs bts rep_good nopl xtopology nonstop_tsc aperfmperf pni pclmulqdq dtes64 monitor ds_cpl vmx est tm2 ssse3 sdbg fma cx16 xtpr pdcm pcid sse4_1 sse4_2 movbe popcnt tsc_deadline_timer aes xsave avx f16c rdrand lahf_lm abm epb tpr_shadow vnmi flexpriority ept vpid fsgsbase tsc_adjust bmi1 avx2 smep bmi2 erms invpcid xsaveopt dtherm ida arat pln pts
bugs		:
bogomips	: 4390.26
clflush size	: 64
cache_alignment	: 64
address sizes	: 39 bits physical, 48 bits virtual
power management:



Memory: 4k page, physical 8087460k(121844k free), swap 499708k(0k free)

vm_info: OpenJDK 64-Bit Server VM (25.152-b01) for linux-amd64 JRE (1.8.0_152-release-915-b01), built by "builder" with gcc 4.8.4

time: Sun Nov 19 20:19:06 2017
elapsed time: 1534 seconds (0d 0h 25m 34s)

